<?xml version="1.0" encoding="UTF-8"?>
<!-- Generated by org.testng.reporters.JUnitReportReporter -->
<testsuite hostname="DESKTOP-DECQMP3" failures="0" tests="1" name="ScratchProject.HomePage" time="14.535" errors="0" timestamp="2020-01-06T22:32:01 IST" skipped="0">
  <testcase classname="ScratchProject.HomePage" name="HomePageAction" time="14.535"/>
  <system-out/>
</testsuite> <!-- ScratchProject.HomePage -->
